==============================================================================
Suites                                                                        
==============================================================================
Suites.List Of Books                                                          
==============================================================================
Verify books list :: This case login a user and verifies the list ...   
  Traceback (most recent call last):
    ~~~~~~~~~~~~~~~~~~~~~~~~~~~~~~~~~~~~~~~~~~~~~~~~~~~~~~~~~~~~~~~~~~~~~~~~~~
    File  C:\Users\namra.kanwal\PycharmProjects\Robotframework-Automation\tests\Website_tests\list_of_books.robot:9
    T:  Verify books list    
    ~~~~~~~~~~~~~~~~~~~~~~~~~~~~~~~~~~~~~~~~~~~~~~~~~~~~~~~~~~~~~~~~~~~~~~~~~~
    File  C:\Users\namra.kanwal\PycharmProjects\Robotframework-Automation\tests\Website_tests\list_of_books.robot:15
      Click on book store application    
    ~~~~~~~~~~~~~~~~~~~~~~~~~~~~~~~~~~~~~~~~~~~~~~~~~~~~~~~~~~~~~~~~~~~~~~~~~~
    File  C:\Users\namra.kanwal\PycharmProjects\Robotframework-Automation\resources\orangeHRMkeyword.robot:66
      Click Element    ${click_book_store}
      |  ${click_book_store} = xpath://*[@id='app']/div/div/div[2]/div/div[6]/div/div[1] (str)
______________________________________________________________________________
| FAIL |
Element with locator 'xpath://*[@id='app']/div/div/div[2]/div/div[6]/div/div[1]' not found.
------------------------------------------------------------------------------
Suites.List Of Books                                                  | FAIL |
1 test, 0 passed, 1 failed
==============================================================================
Suites                                                                | FAIL |
1 test, 0 passed, 1 failed
==============================================================================
Output:  C:\Users\namra.kanwal\PycharmProjects\Robotframework-Automation\pabot_results\3\output.xml
