[ WARN ] Keyword 'Capture Page Screenshot' could not be run on failure: Message: disconnected: not connected to DevTools
  (failed to check if window was closed: disconnected: not connected to DevTools)
  (Session info: chrome=125.0.6422.60)
Stacktrace:
	GetHandleVerifier [0x00007FF6F7081F52+60322]
	(No symbol) [0x00007FF6F6FFCEC9]
	(No symbol) [0x00007FF6F6EB7EBA]
	(No symbol) [0x00007FF6F6E9F1CC]
	(No symbol) [0x00007FF6F6E9F090]
	(No symbol) [0x00007FF6F6EBA4E1]
	(No symbol) [0x00007FF6F6F4B359]
	(No symbol) [0x00007FF6F6F2BFC3]
	(No symbol) [0x00007FF6F6EF9617]
	(No symbol) [0x00007FF6F6EFA211]
	GetHandleVerifier [0x00007FF6F739949D+3301613]
	GetHandleVerifier [0x00007FF6F73E36C3+3605267]
	GetHandleVerifier [0x00007FF6F73D9440+3563664]
	GetHandleVerifier [0x00007FF6F7134326+790390]
	(No symbol) [0x00007FF6F700750F]
	(No symbol) [0x00007FF6F7003404]
	(No symbol) [0x00007FF6F7003592]
	(No symbol) [0x00007FF6F6FF2F9F]
	BaseThreadInitThunk [0x00007FFCEB747344+20]
	RtlUserThreadStart [0x00007FFCEC2826B1+33]

