==============================================================================
Suites                                                                        
==============================================================================
Suites.Click widget                                                           
==============================================================================
Select birth date from date picker :: This case select the date fr...   
  Traceback (most recent call last):
    ~~~~~~~~~~~~~~~~~~~~~~~~~~~~~~~~~~~~~~~~~~~~~~~~~~~~~~~~~~~~~~~~~~~~~~~~~~
    File  C:\Users\namra.kanwal\PycharmProjects\robotframework-with-selenium-new\Robot-Framework\tests\Website_tests\Click_widget.robot:8
    T:  Select birth date from date picker    
    ~~~~~~~~~~~~~~~~~~~~~~~~~~~~~~~~~~~~~~~~~~~~~~~~~~~~~~~~~~~~~~~~~~~~~~~~~~
    File  C:\Users\namra.kanwal\PycharmProjects\robotframework-with-selenium-new\Robot-Framework\tests\Website_tests\Click_widget.robot:12
      Start testcase for chrome    
    ~~~~~~~~~~~~~~~~~~~~~~~~~~~~~~~~~~~~~~~~~~~~~~~~~~~~~~~~~~~~~~~~~~~~~~~~~~
    File  C:\Users\namra.kanwal\PycharmProjects\robotframework-with-selenium-new\Robot-Framework\resources\CommonFunctionality.robot:7
      Open Browser    ${url2}    ${browser_chrome}
      |  ${url2} = https://demoqa.com/ (str)
      |  ${browser_chrome} = chrome (str)
______________________________________________________________________________
| FAIL |
WebDriverException: Message: target frame detached
  (failed to check if window was closed: disconnected: not connected to DevTools)
  (Session info: chrome=125.0.6422.60)
Stacktrace:
	GetHandleVerifier [0x00007FF6F7081F52+60322]
	(No symbol) [0x00007FF6F6FFCEC9]
	(No symbol) [0x00007FF6F6EB7CE9]
	(No symbol) [0x00007FF6F6EA03B1]
	(No symbol) [0x00007FF6F6E9E39D]
	(No symbol) [0x00007FF6F6E9EBAF]
	(No symbol) [0x00007FF6F6EAD97E]
	(No symbol) [0x00007FF6F6EC5C6F]
	(No symbol) [0x00007FF6F6ECB67A]
	(No symbol) [0x00007FF6F6E9F33A]
	(No symbol) [0x00007FF6F6EC584F]
	(No symbol) [0x00007FF6F6F4BFDE]
	(No symbol) [0x00007FF6F6F2BFC3]
	(No symbol) [0x00007FF6F6EF9617]
	(No symbol) [0x00007FF6F6EFA211]
	GetHandleVerifier [0x00007FF6F739949D+3301613]
	GetHandleVerifier [0x00007FF6F73E36C3+3605267]
	GetHandleVerifier [0x00007FF6F73D9440+3563664]
	GetHandleVerifier [0x00007FF6F7134326+790390]
	(No symbol) [0x00007FF6F700750F]
	(No symbol) [0x00007FF6F7003404]
	(No symbol) [0x00007FF6F7003592]
	(No symbol) [0x00007FF6F6FF2F9F]
	BaseThreadInitThunk [0x00007FFCEB747344+20]
	RtlUserThreadStart [0x00007FFCEC2826B1+33]
------------------------------------------------------------------------------
Suites.Click widget                                                   | FAIL |
1 test, 0 passed, 1 failed
==============================================================================
Suites                                                                | FAIL |
1 test, 0 passed, 1 failed
==============================================================================
Output:  C:\Users\namra.kanwal\PycharmProjects\robotframework-with-selenium-new\Robot-Framework\pabot_results\1\output.xml
